Using pre-set license
Built from '2021.3/staging' branch; Version is '2021.3.5f1 (40eb3a945986) revision 4254522'; Using compiler version '192829333'; Build Type 'Release'
OS: 'Windows 10  (10.0.19042) 64bit Professional' Language: 'ko' Physical Memory: 16281 MB
BatchMode: 1, IsHumanControllingUs: 0, StartBugReporterOnCrash: 0, Is64bit: 1, IsPro: 1

COMMAND LINE ARGUMENTS:
C:\Program Files\Unity\Hub\Editor\2021.3.5f1\Editor\Unity.exe
-adb2
-batchMode
-noUpm
-name
AssetImportWorker2
-projectPath
D:/Program File/ShootinGame
-logFile
Logs/AssetImportWorker2.log
-srvPort
6277
Successfully changed project path to: D:/Program File/ShootinGame
D:/Program File/ShootinGame
[UnityMemory] Configuration Parameters - Can be set up in boot.config
    "memorysetup-bucket-allocator-granularity=16"
    "memorysetup-bucket-allocator-bucket-count=8"
    "memorysetup-bucket-allocator-block-size=33554432"
    "memorysetup-bucket-allocator-block-count=8"
    "memorysetup-main-allocator-block-size=16777216"
    "memorysetup-thread-allocator-block-size=16777216"
    "memorysetup-gfx-main-allocator-block-size=16777216"
    "memorysetup-gfx-thread-allocator-block-size=16777216"
    "memorysetup-cache-allocator-block-size=4194304"
    "memorysetup-typetree-allocator-block-size=2097152"
    "memorysetup-profiler-bucket-allocator-granularity=16"
    "memorysetup-profiler-bucket-allocator-bucket-count=8"
    "memorysetup-profiler-bucket-allocator-block-size=33554432"
    "memorysetup-profiler-bucket-allocator-block-count=8"
    "memorysetup-profiler-allocator-block-size=16777216"
    "memorysetup-profiler-editor-allocator-block-size=1048576"
    "memorysetup-temp-allocator-size-main=16777216"
    "memorysetup-job-temp-allocator-block-size=2097152"
    "memorysetup-job-temp-allocator-block-size-background=1048576"
    "memorysetup-job-temp-allocator-reduction-small-platforms=262144"
    "memorysetup-temp-allocator-size-background-worker=32768"
    "memorysetup-temp-allocator-size-job-worker=262144"
    "memorysetup-temp-allocator-size-preload-manager=33554432"
    "memorysetup-temp-allocator-size-nav-mesh-worker=65536"
    "memorysetup-temp-allocator-size-audio-worker=65536"
    "memorysetup-temp-allocator-size-cloud-worker=32768"
    "memorysetup-temp-allocator-size-gi-baking-worker=262144"
    "memorysetup-temp-allocator-size-gfx=262144"
Refreshing native plugins compatible for Editor in 96.48 ms, found 3 plugins.
Preloading 0 native plugins for Editor in 0.00 ms.
Initialize engine version: 2021.3.5f1 (40eb3a945986)
[Subsystems] Discovering subsystems at path C:/Program Files/Unity/Hub/Editor/2021.3.5f1/Editor/Data/Resources/UnitySubsystems
[Subsystems] Discovering subsystems at path D:/Program File/ShootinGame/Assets
GfxDevice: creating device client; threaded=0; jobified=0
Direct3D:
    Version:  Direct3D 11.0 [level 11.1]
    Renderer: NVIDIA GeForce GTX 1650 (ID=0x1f82)
    Vendor:   NVIDIA
    VRAM:     3962 MB
    Driver:   27.21.14.5751
Initialize mono
Mono path[0] = 'C:/Program Files/Unity/Hub/Editor/2021.3.5f1/Editor/Data/Managed'
Mono path[1] = 'C:/Program Files/Unity/Hub/Editor/2021.3.5f1/Editor/Data/MonoBleedingEdge/lib/mono/unityjit-win32'
Mono config path = 'C:/Program Files/Unity/Hub/Editor/2021.3.5f1/Editor/Data/MonoBleedingEdge/etc'
Using monoOptions --debugger-agent=transport=dt_socket,embedding=1,server=y,suspend=n,address=127.0.0.1:56280
Begin MonoManager ReloadAssembly
Registering precompiled unity dll's ...
Register platform support module: C:/Program Files/Unity/Hub/Editor/2021.3.5f1/Editor/Data/PlaybackEngines/MacStandaloneSupport/UnityEditor.OSXStandalone.Extensions.dll
Register platform support module: C:/Program Files/Unity/Hub/Editor/2021.3.5f1/Editor/Data/PlaybackEngines/AndroidPlayer/UnityEditor.Android.Extensions.dll
Register platform support module: C:/Program Files/Unity/Hub/Editor/2021.3.5f1/Editor/Data/PlaybackEngines/iOSSupport/UnityEditor.iOS.Extensions.dll
Register platform support module: C:/Program Files/Unity/Hub/Editor/2021.3.5f1/Editor/Data/PlaybackEngines/WindowsStandaloneSupport/UnityEditor.WindowsStandalone.Extensions.dll
Registered in 0.017482 seconds.
Native extension for WindowsStandalone target not found
[usbmuxd] Start listen thread
[usbmuxd] Listen thread started
Native extension for iOS target not found
Native extension for Android target not found
Native extension for OSXStandalone target not found
Refreshing native plugins compatible for Editor in 90.40 ms, found 3 plugins.
Preloading 0 native plugins for Editor in 0.00 ms.
Mono: successfully reloaded assembly
- Completed reload, in  0.826 seconds
Domain Reload Profiling:
	ReloadAssembly (826ms)
		BeginReloadAssembly (99ms)
			ExecutionOrderSort (0ms)
			DisableScriptedObjects (0ms)
			BackupInstance (0ms)
			ReleaseScriptingObjects (0ms)
			CreateAndSetChildDomain (1ms)
		EndReloadAssembly (589ms)
			LoadAssemblies (96ms)
			RebuildTransferFunctionScriptingTraits (0ms)
			SetupTypeCache (141ms)
			ReleaseScriptCaches (0ms)
			RebuildScriptCaches (31ms)
			SetupLoadedEditorAssemblies (354ms)
				LogAssemblyErrors (0ms)
				InitializePlatformSupportModulesInManaged (91ms)
				SetLoadedEditorAssemblies (0ms)
				RefreshPlugins (90ms)
				BeforeProcessingInitializeOnLoad (2ms)
				ProcessInitializeOnLoadAttributes (115ms)
				ProcessInitializeOnLoadMethodAttributes (56ms)
				AfterProcessingInitializeOnLoad (0ms)
				EditorAssembliesLoaded (0ms)
			ExecutionOrderSort2 (0ms)
			AwakeInstancesAfterBackupRestoration (0ms)
Platform modules already initialized, skipping
Registering precompiled user dll's ...
Registered in 0.005910 seconds.
Begin MonoManager ReloadAssembly
Symbol file LoadedFromMemory doesn't match image D:\Program File\ShootinGame\Library\PackageCache\com.unity.visualscripting@1.7.8\Editor\VisualScripting.Core\Dependencies\YamlDotNet\Unity.VisualScripting.YamlDotNet.dll
Symbol file LoadedFromMemory doesn't match image D:\Program File\ShootinGame\Library\PackageCache\com.unity.visualscripting@1.7.8\Editor\VisualScripting.Core\Dependencies\DotNetZip\Unity.VisualScripting.IonicZip.dll
Native extension for WindowsStandalone target not found
Native extension for iOS target not found
Native extension for Android target not found
Native extension for OSXStandalone target not found
Refreshing native plugins compatible for Editor in 0.59 ms, found 3 plugins.
Preloading 0 native plugins for Editor in 0.00 ms.
Mono: successfully reloaded assembly
- Completed reload, in  1.492 seconds
Domain Reload Profiling:
	ReloadAssembly (1493ms)
		BeginReloadAssembly (325ms)
			ExecutionOrderSort (0ms)
			DisableScriptedObjects (10ms)
			BackupInstance (0ms)
			ReleaseScriptingObjects (0ms)
			CreateAndSetChildDomain (135ms)
		EndReloadAssembly (1010ms)
			LoadAssemblies (126ms)
			RebuildTransferFunctionScriptingTraits (0ms)
			SetupTypeCache (327ms)
			ReleaseScriptCaches (1ms)
			RebuildScriptCaches (69ms)
			SetupLoadedEditorAssemblies (448ms)
				LogAssemblyErrors (0ms)
				InitializePlatformSupportModulesInManaged (36ms)
				SetLoadedEditorAssemblies (0ms)
				RefreshPlugins (1ms)
				BeforeProcessingInitializeOnLoad (103ms)
				ProcessInitializeOnLoadAttributes (258ms)
				ProcessInitializeOnLoadMethodAttributes (35ms)
				AfterProcessingInitializeOnLoad (16ms)
				EditorAssembliesLoaded (0ms)
			ExecutionOrderSort2 (0ms)
			AwakeInstancesAfterBackupRestoration (8ms)
Platform modules already initialized, skipping
========================================================================
Worker process is ready to serve import requests
Launched and connected shader compiler UnityShaderCompiler.exe after 0.06 seconds
Refreshing native plugins compatible for Editor in 0.57 ms, found 3 plugins.
Preloading 0 native plugins for Editor in 0.00 ms.
Unloading 3427 Unused Serialized files (Serialized files now loaded: 0)
Unloading 28 unused Assets / (111.2 KB). Loaded Objects now: 3889.
Memory consumption went from 124.8 MB to 124.7 MB.
Total: 2.679100 ms (FindLiveObjects: 0.280100 ms CreateObjectMapping: 0.226000 ms MarkObjects: 2.078300 ms  DeleteObjects: 0.093700 ms)

AssetImportParameters requested are different than current active one (requested -> active):
  custom:video-decoder-ogg-theora: a1e56fd34408186e4bbccfd4996cb3dc -> 
  custom:container-muxer-webm: aa71ff27fc2769a1b78a27578f13a17b -> 
  custom:container-demuxer-webm: 4f35f7cbe854078d1ac9338744f61a02 -> 
  custom:video-encoder-webm-vp8: eb34c28f22e8b96e1ab97ce403110664 -> 
  custom:audio-encoder-webm-vorbis: bf7c407c2cedff20999df2af8eb42d56 -> 
  custom:framework-win-MediaFoundation: 216162199b28c13a410421893ffa2e32 -> 
  custom:container-demuxer-ogg: 62fdf1f143b41e24485cea50d1cbac27 -> 
  custom:video-decoder-webm-vp8: 9c59270c3fd7afecdb556c50c9e8de78 -> 
  custom:audio-decoder-ogg-vorbis: bf7c407c2cedff20999df2af8eb42d56 -> 
========================================================================
Received Import Request.
  Time since last request: 27413.343946 seconds.
  path: Assets/RealClicker/RES/lmages
  artifactKey: Guid(d9d7000fba557fc42a900f84c6e0ded5) Importer(815301076,1909f56bfc062723c751e8b465ee728b)
Start importing Assets/RealClicker/RES/lmages using Guid(d9d7000fba557fc42a900f84c6e0ded5) Importer(815301076,1909f56bfc062723c751e8b465ee728b)  -> (artifact id: '8e510f82739c88a871273d4c0b083bf1') in 0.009391 seconds 
========================================================================
Received Import Request.
  Time since last request: 0.000019 seconds.
  path: Assets/RealClicker/RES/lmages/block_06.png
  artifactKey: Guid(514a2ff51750e4346b07fcf5774265a6) Importer(815301076,1909f56bfc062723c751e8b465ee728b)
Start importing Assets/RealClicker/RES/lmages/block_06.png using Guid(514a2ff51750e4346b07fcf5774265a6) Importer(815301076,1909f56bfc062723c751e8b465ee728b)  -> (artifact id: '2ac5a986354db4cbd8438efb91b09a08') in 0.130462 seconds 
========================================================================
Received Import Request.
  Time since last request: 0.000027 seconds.
  path: Assets/RealClicker/RES/lmages/block_02.png
  artifactKey: Guid(ea0f906d17f196a45b6b24f0187e396f) Importer(815301076,1909f56bfc062723c751e8b465ee728b)
Start importing Assets/RealClicker/RES/lmages/block_02.png using Guid(ea0f906d17f196a45b6b24f0187e396f) Importer(815301076,1909f56bfc062723c751e8b465ee728b)  -> (artifact id: 'fd1c5f04be4bbd33799ada500453b7f8') in 0.031454 seconds 
========================================================================
Received Import Request.
  Time since last request: 0.000026 seconds.
  path: Assets/RealClicker/RES/lmages/block_03.png
  artifactKey: Guid(4ea1f02bd9aaa254e8fa16048b72408a) Importer(815301076,1909f56bfc062723c751e8b465ee728b)
Start importing Assets/RealClicker/RES/lmages/block_03.png using Guid(4ea1f02bd9aaa254e8fa16048b72408a) Importer(815301076,1909f56bfc062723c751e8b465ee728b)  -> (artifact id: 'f4c2f1cc841004a4fc282738d94c4346') in 0.085780 seconds 
========================================================================
Received Import Request.
  Time since last request: 0.000017 seconds.
  path: Assets/RealClicker/RES/lmages/ballon_3.png
  artifactKey: Guid(37dde43e58889dd40856fe0cca394228) Importer(815301076,1909f56bfc062723c751e8b465ee728b)
Start importing Assets/RealClicker/RES/lmages/ballon_3.png using Guid(37dde43e58889dd40856fe0cca394228) Importer(815301076,1909f56bfc062723c751e8b465ee728b)  -> (artifact id: '182c434329ed37a4afd6342f9bfa8acb') in 0.068363 seconds 
========================================================================
Received Import Request.
  Time since last request: 0.000016 seconds.
  path: Assets/RealClicker/RES/stg_03.png
  artifactKey: Guid(576256b3ead0e5e41ab2c861738e5e80) Importer(815301076,1909f56bfc062723c751e8b465ee728b)
Start importing Assets/RealClicker/RES/stg_03.png using Guid(576256b3ead0e5e41ab2c861738e5e80) Importer(815301076,1909f56bfc062723c751e8b465ee728b)  -> (artifact id: '73949adca8088b7c928d59f58fc643e1') in 0.089275 seconds 
========================================================================
Received Import Request.
  Time since last request: 17.957610 seconds.
  path: Assets/Scenes
  artifactKey: Guid(6ea315d0fd7389c41b19996891e99ae3) Importer(815301076,1909f56bfc062723c751e8b465ee728b)
Start importing Assets/Scenes using Guid(6ea315d0fd7389c41b19996891e99ae3) Importer(815301076,1909f56bfc062723c751e8b465ee728b)  -> (artifact id: 'b8193726cff86800c54781cdc6d54904') in 0.006844 seconds 
========================================================================
Received Import Request.
  Time since last request: 2.858150 seconds.
  path: Assets/Scenes/SampleScene.unity
  artifactKey: Guid(9fc0d4010bbf28b4594072e72b8655ab) Importer(815301076,1909f56bfc062723c751e8b465ee728b)
Start importing Assets/Scenes/SampleScene.unity using Guid(9fc0d4010bbf28b4594072e72b8655ab) Importer(815301076,1909f56bfc062723c751e8b465ee728b)  -> (artifact id: 'e55ccaa32d8e5c1de03c07a5412c8c3c') in 0.007356 seconds 
========================================================================
Received Import Request.
  Time since last request: 5.642319 seconds.
  path: Assets/RealClicker/RES
  artifactKey: Guid(fd0b92bf4be059d46ba6c84be4f3065f) Importer(815301076,1909f56bfc062723c751e8b465ee728b)
Start importing Assets/RealClicker/RES using Guid(fd0b92bf4be059d46ba6c84be4f3065f) Importer(815301076,1909f56bfc062723c751e8b465ee728b)  -> (artifact id: '74557411b23fbe3fd088ec641c20ba54') in 0.005227 seconds 
========================================================================
Received Import Request.
  Time since last request: 3.547393 seconds.
  path: Assets/RealClicker/Assets/Prefabs
  artifactKey: Guid(3460bd0eb1d9a4946ba40ffef7317584) Importer(815301076,1909f56bfc062723c751e8b465ee728b)
Start importing Assets/RealClicker/Assets/Prefabs using Guid(3460bd0eb1d9a4946ba40ffef7317584) Importer(815301076,1909f56bfc062723c751e8b465ee728b)  -> (artifact id: '7133b59e296d09b690461bd52654277e') in 0.005668 seconds 
========================================================================
Received Import Request.
  Time since last request: 0.027170 seconds.
  path: Assets/RealClicker/Assets/Prefabs/Basket.prefab
  artifactKey: Guid(526f6e2e816d6e848836e2eca5da69dd) Importer(815301076,1909f56bfc062723c751e8b465ee728b)
Start importing Assets/RealClicker/Assets/Prefabs/Basket.prefab using Guid(526f6e2e816d6e848836e2eca5da69dd) Importer(815301076,1909f56bfc062723c751e8b465ee728b)  -> (artifact id: '3e4ba41d6f1a0de5326465d31e528582') in 0.044735 seconds 
========================================================================
Received Import Request.
  Time since last request: 3.706684 seconds.
  path: Assets/RealClicker/Assets/Scenes/SampleScene.unity
  artifactKey: Guid(e5f4ce91e0d593944a190021a19a18d8) Importer(815301076,1909f56bfc062723c751e8b465ee728b)
Start importing Assets/RealClicker/Assets/Scenes/SampleScene.unity using Guid(e5f4ce91e0d593944a190021a19a18d8) Importer(815301076,1909f56bfc062723c751e8b465ee728b)  -> (artifact id: '90469b1d58b1dc2907eecc87a42d0cfa') in 0.002167 seconds 
========================================================================
Received Import Request.
  Time since last request: 1.701446 seconds.
  path: Assets/RealClicker/Assets/Scenes/AppleGame.unity
  artifactKey: Guid(e667ad8f05db9704388bb549ae336d46) Importer(815301076,1909f56bfc062723c751e8b465ee728b)
Start importing Assets/RealClicker/Assets/Scenes/AppleGame.unity using Guid(e667ad8f05db9704388bb549ae336d46) Importer(815301076,1909f56bfc062723c751e8b465ee728b)  -> (artifact id: '5cbca9bca9b908d0ab3ac68b0bf251b3') in 0.007139 seconds 
========================================================================
Received Import Request.
  Time since last request: 7.298731 seconds.
  path: Assets/RealClicker/Scenes/Game.unity
  artifactKey: Guid(86a766713e36e0f43b768af25de14fd4) Importer(815301076,1909f56bfc062723c751e8b465ee728b)
Start importing Assets/RealClicker/Scenes/Game.unity using Guid(86a766713e36e0f43b768af25de14fd4) Importer(815301076,1909f56bfc062723c751e8b465ee728b)  -> (artifact id: 'df8a7a2d92381f5006c0e978fb050804') in 0.006713 seconds 
========================================================================
Received Import Request.
  Time since last request: 2.163048 seconds.
  path: Assets/RealClicker/Scenes/Start.unity
  artifactKey: Guid(06b7ded617d0ba14e976bba1e1744b58) Importer(815301076,1909f56bfc062723c751e8b465ee728b)
Start importing Assets/RealClicker/Scenes/Start.unity using Guid(06b7ded617d0ba14e976bba1e1744b58) Importer(815301076,1909f56bfc062723c751e8b465ee728b)  -> (artifact id: '96644d59ebe044a45d47f8820fd2b8c0') in 0.005921 seconds 
========================================================================
Received Import Request.
  Time since last request: 2.087719 seconds.
  path: Assets/RealClicker/Scenes/rlffnfnf.unity
  artifactKey: Guid(50d74a90bf7f98b4a977c05242379a9d) Importer(815301076,1909f56bfc062723c751e8b465ee728b)
Start importing Assets/RealClicker/Scenes/rlffnfnf.unity using Guid(50d74a90bf7f98b4a977c05242379a9d) Importer(815301076,1909f56bfc062723c751e8b465ee728b)  -> (artifact id: '27d4f0aa30dcec7a1c22c3aa162521e7') in 0.005298 seconds 
========================================================================
Received Import Request.
  Time since last request: 92.839884 seconds.
  path: Assets/RealClicker
  artifactKey: Guid(c8385f967b4fd13438c772b70648a3d8) Importer(815301076,1909f56bfc062723c751e8b465ee728b)
Start importing Assets/RealClicker using Guid(c8385f967b4fd13438c772b70648a3d8) Importer(815301076,1909f56bfc062723c751e8b465ee728b)  -> (artifact id: 'd832564f19c4ba3f58d7a8669e0cf830') in 0.005991 seconds 
========================================================================
Received Import Request.
  Time since last request: 1.933115 seconds.
  path: Assets/RealClicker/Assets/Meterials
  artifactKey: Guid(b29607de550211842a87f435feffe838) Importer(815301076,1909f56bfc062723c751e8b465ee728b)
Start importing Assets/RealClicker/Assets/Meterials using Guid(b29607de550211842a87f435feffe838) Importer(815301076,1909f56bfc062723c751e8b465ee728b)  -> (artifact id: 'bb80959fba1116f9e63b9da1ac1cd110') in 0.005691 seconds 
========================================================================
Received Prepare
Registering precompiled user dll's ...
Registered in 0.005658 seconds.
Begin MonoManager ReloadAssembly
Symbol file LoadedFromMemory doesn't match image D:\Program File\ShootinGame\Library\PackageCache\com.unity.visualscripting@1.7.8\Editor\VisualScripting.Core\Dependencies\YamlDotNet\Unity.VisualScripting.YamlDotNet.dll
Symbol file LoadedFromMemory doesn't match image D:\Program File\ShootinGame\Library\PackageCache\com.unity.visualscripting@1.7.8\Editor\VisualScripting.Core\Dependencies\DotNetZip\Unity.VisualScripting.IonicZip.dll
Native extension for WindowsStandalone target not found
Native extension for iOS target not found
Native extension for Android target not found
Native extension for OSXStandalone target not found
Refreshing native plugins compatible for Editor in 0.59 ms, found 3 plugins.
Preloading 0 native plugins for Editor in 0.00 ms.
Mono: successfully reloaded assembly
- Completed reload, in  1.054 seconds
Domain Reload Profiling:
	ReloadAssembly (1054ms)
		BeginReloadAssembly (154ms)
			ExecutionOrderSort (0ms)
			DisableScriptedObjects (6ms)
			BackupInstance (0ms)
			ReleaseScriptingObjects (0ms)
			CreateAndSetChildDomain (38ms)
		EndReloadAssembly (794ms)
			LoadAssemblies (107ms)
			RebuildTransferFunctionScriptingTraits (0ms)
			SetupTypeCache (294ms)
			ReleaseScriptCaches (1ms)
			RebuildScriptCaches (40ms)
			SetupLoadedEditorAssemblies (330ms)
				LogAssemblyErrors (0ms)
				InitializePlatformSupportModulesInManaged (45ms)
				SetLoadedEditorAssemblies (0ms)
				RefreshPlugins (1ms)
				BeforeProcessingInitializeOnLoad (68ms)
				ProcessInitializeOnLoadAttributes (177ms)
				ProcessInitializeOnLoadMethodAttributes (26ms)
				AfterProcessingInitializeOnLoad (13ms)
				EditorAssembliesLoaded (0ms)
			ExecutionOrderSort2 (0ms)
			AwakeInstancesAfterBackupRestoration (6ms)
Platform modules already initialized, skipping
Refreshing native plugins compatible for Editor in 1.83 ms, found 3 plugins.
Preloading 0 native plugins for Editor in 0.00 ms.
Unloading 3420 Unused Serialized files (Serialized files now loaded: 0)
Unloading 21 unused Assets / (78.4 KB). Loaded Objects now: 3904.
Memory consumption went from 129.0 MB to 129.0 MB.
Total: 2.686900 ms (FindLiveObjects: 0.235700 ms CreateObjectMapping: 0.153900 ms MarkObjects: 2.225100 ms  DeleteObjects: 0.071100 ms)

AssetImportParameters requested are different than current active one (requested -> active):
  custom:video-decoder-ogg-theora: a1e56fd34408186e4bbccfd4996cb3dc -> 
  custom:container-muxer-webm: aa71ff27fc2769a1b78a27578f13a17b -> 
  custom:container-demuxer-webm: 4f35f7cbe854078d1ac9338744f61a02 -> 
  custom:video-encoder-webm-vp8: eb34c28f22e8b96e1ab97ce403110664 -> 
  custom:audio-encoder-webm-vorbis: bf7c407c2cedff20999df2af8eb42d56 -> 
  custom:framework-win-MediaFoundation: 216162199b28c13a410421893ffa2e32 -> 
  custom:container-demuxer-ogg: 62fdf1f143b41e24485cea50d1cbac27 -> 
  custom:video-decoder-webm-vp8: 9c59270c3fd7afecdb556c50c9e8de78 -> 
  custom:audio-decoder-ogg-vorbis: bf7c407c2cedff20999df2af8eb42d56 -> 
========================================================================
Received Import Request.
  Time since last request: 14.384041 seconds.
  path: Assets/Assets/Script
  artifactKey: Guid(312ab4e3cccc1ea4c8bc1f4824188960) Importer(815301076,1909f56bfc062723c751e8b465ee728b)
Start importing Assets/Assets/Script using Guid(312ab4e3cccc1ea4c8bc1f4824188960) Importer(815301076,1909f56bfc062723c751e8b465ee728b)  -> (artifact id: '5a09d858b9259b08ee7aab4cf52764c0') in 0.010693 seconds 
========================================================================
Received Import Request.
  Time since last request: 10.494490 seconds.
  path: Assets/Shooting/Scenes/SampleScene.unity
  artifactKey: Guid(64f7cd55ed1e9524a8f15035c89afb46) Importer(815301076,1909f56bfc062723c751e8b465ee728b)
Start importing Assets/Shooting/Scenes/SampleScene.unity using Guid(64f7cd55ed1e9524a8f15035c89afb46) Importer(815301076,1909f56bfc062723c751e8b465ee728b)  -> (artifact id: '31f1f67e932dea60dba542b6af41e239') in 0.002738 seconds 
========================================================================
Received Prepare
Registering precompiled user dll's ...
Registered in 0.004969 seconds.
Begin MonoManager ReloadAssembly
Symbol file LoadedFromMemory doesn't match image D:\Program File\ShootinGame\Library\PackageCache\com.unity.visualscripting@1.7.8\Editor\VisualScripting.Core\Dependencies\YamlDotNet\Unity.VisualScripting.YamlDotNet.dll
Symbol file LoadedFromMemory doesn't match image D:\Program File\ShootinGame\Library\PackageCache\com.unity.visualscripting@1.7.8\Editor\VisualScripting.Core\Dependencies\DotNetZip\Unity.VisualScripting.IonicZip.dll
Native extension for WindowsStandalone target not found
Native extension for iOS target not found
Native extension for Android target not found
Native extension for OSXStandalone target not found
Refreshing native plugins compatible for Editor in 0.61 ms, found 3 plugins.
Preloading 0 native plugins for Editor in 0.00 ms.
Mono: successfully reloaded assembly
- Completed reload, in  1.092 seconds
Domain Reload Profiling:
	ReloadAssembly (1092ms)
		BeginReloadAssembly (143ms)
			ExecutionOrderSort (0ms)
			DisableScriptedObjects (5ms)
			BackupInstance (0ms)
			ReleaseScriptingObjects (0ms)
			CreateAndSetChildDomain (32ms)
		EndReloadAssembly (842ms)
			LoadAssemblies (97ms)
			RebuildTransferFunctionScriptingTraits (0ms)
			SetupTypeCache (282ms)
			ReleaseScriptCaches (1ms)
			RebuildScriptCaches (41ms)
			SetupLoadedEditorAssemblies (382ms)
				LogAssemblyErrors (0ms)
				InitializePlatformSupportModulesInManaged (49ms)
				SetLoadedEditorAssemblies (1ms)
				RefreshPlugins (1ms)
				BeforeProcessingInitializeOnLoad (76ms)
				ProcessInitializeOnLoadAttributes (208ms)
				ProcessInitializeOnLoadMethodAttributes (33ms)
				AfterProcessingInitializeOnLoad (14ms)
				EditorAssembliesLoaded (0ms)
			ExecutionOrderSort2 (0ms)
			AwakeInstancesAfterBackupRestoration (7ms)
Platform modules already initialized, skipping
Refreshing native plugins compatible for Editor in 1.80 ms, found 3 plugins.
Preloading 0 native plugins for Editor in 0.00 ms.
Unloading 3420 Unused Serialized files (Serialized files now loaded: 0)
Unloading 21 unused Assets / (78.3 KB). Loaded Objects now: 3907.
Memory consumption went from 129.1 MB to 129.0 MB.
Total: 2.428700 ms (FindLiveObjects: 0.224300 ms CreateObjectMapping: 0.146100 ms MarkObjects: 2.001500 ms  DeleteObjects: 0.056100 ms)

AssetImportParameters requested are different than current active one (requested -> active):
  custom:video-decoder-ogg-theora: a1e56fd34408186e4bbccfd4996cb3dc -> 
  custom:container-muxer-webm: aa71ff27fc2769a1b78a27578f13a17b -> 
  custom:container-demuxer-webm: 4f35f7cbe854078d1ac9338744f61a02 -> 
  custom:video-encoder-webm-vp8: eb34c28f22e8b96e1ab97ce403110664 -> 
  custom:audio-encoder-webm-vorbis: bf7c407c2cedff20999df2af8eb42d56 -> 
  custom:framework-win-MediaFoundation: 216162199b28c13a410421893ffa2e32 -> 
  custom:container-demuxer-ogg: 62fdf1f143b41e24485cea50d1cbac27 -> 
  custom:video-decoder-webm-vp8: 9c59270c3fd7afecdb556c50c9e8de78 -> 
  custom:audio-decoder-ogg-vorbis: bf7c407c2cedff20999df2af8eb42d56 -> 
========================================================================
Received Import Request.
  Time since last request: 305.816538 seconds.
  path: Assets/RealClicker/Scenes
  artifactKey: Guid(4d1771dd717543b42a7d480d99076218) Importer(815301076,1909f56bfc062723c751e8b465ee728b)
Start importing Assets/RealClicker/Scenes using Guid(4d1771dd717543b42a7d480d99076218) Importer(815301076,1909f56bfc062723c751e8b465ee728b)  -> (artifact id: 'e047c7051305186bbde74f15ab05cb5b') in 0.008520 seconds 
========================================================================
Received Prepare
Registering precompiled user dll's ...
Registered in 0.007195 seconds.
Begin MonoManager ReloadAssembly
Symbol file LoadedFromMemory doesn't match image D:\Program File\ShootinGame\Library\PackageCache\com.unity.visualscripting@1.7.8\Editor\VisualScripting.Core\Dependencies\YamlDotNet\Unity.VisualScripting.YamlDotNet.dll
Symbol file LoadedFromMemory doesn't match image D:\Program File\ShootinGame\Library\PackageCache\com.unity.visualscripting@1.7.8\Editor\VisualScripting.Core\Dependencies\DotNetZip\Unity.VisualScripting.IonicZip.dll
Native extension for WindowsStandalone target not found
Native extension for iOS target not found
Native extension for Android target not found
Native extension for OSXStandalone target not found
Refreshing native plugins compatible for Editor in 0.56 ms, found 3 plugins.
Preloading 0 native plugins for Editor in 0.00 ms.
Mono: successfully reloaded assembly
- Completed reload, in  1.183 seconds
Domain Reload Profiling:
	ReloadAssembly (1184ms)
		BeginReloadAssembly (163ms)
			ExecutionOrderSort (0ms)
			DisableScriptedObjects (7ms)
			BackupInstance (0ms)
			ReleaseScriptingObjects (0ms)
			CreateAndSetChildDomain (37ms)
		EndReloadAssembly (890ms)
			LoadAssemblies (115ms)
			RebuildTransferFunctionScriptingTraits (0ms)
			SetupTypeCache (350ms)
			ReleaseScriptCaches (1ms)
			RebuildScriptCaches (43ms)
			SetupLoadedEditorAssemblies (358ms)
				LogAssemblyErrors (0ms)
				InitializePlatformSupportModulesInManaged (42ms)
				SetLoadedEditorAssemblies (0ms)
				RefreshPlugins (1ms)
				BeforeProcessingInitializeOnLoad (72ms)
				ProcessInitializeOnLoadAttributes (197ms)
				ProcessInitializeOnLoadMethodAttributes (32ms)
				AfterProcessingInitializeOnLoad (13ms)
				EditorAssembliesLoaded (0ms)
			ExecutionOrderSort2 (0ms)
			AwakeInstancesAfterBackupRestoration (6ms)
Platform modules already initialized, skipping
Refreshing native plugins compatible for Editor in 1.72 ms, found 3 plugins.
Preloading 0 native plugins for Editor in 0.00 ms.
Unloading 3375 Unused Serialized files (Serialized files now loaded: 0)
Unloading 58 unused Assets / (78.5 KB). Loaded Objects now: 3872.
Memory consumption went from 128.1 MB to 128.0 MB.
Total: 2.715800 ms (FindLiveObjects: 0.239800 ms CreateObjectMapping: 0.160500 ms MarkObjects: 2.233400 ms  DeleteObjects: 0.080900 ms)

AssetImportParameters requested are different than current active one (requested -> active):
  custom:video-decoder-ogg-theora: a1e56fd34408186e4bbccfd4996cb3dc -> 
  custom:container-muxer-webm: aa71ff27fc2769a1b78a27578f13a17b -> 
  custom:container-demuxer-webm: 4f35f7cbe854078d1ac9338744f61a02 -> 
  custom:video-encoder-webm-vp8: eb34c28f22e8b96e1ab97ce403110664 -> 
  custom:audio-encoder-webm-vorbis: bf7c407c2cedff20999df2af8eb42d56 -> 
  custom:framework-win-MediaFoundation: 216162199b28c13a410421893ffa2e32 -> 
  custom:container-demuxer-ogg: 62fdf1f143b41e24485cea50d1cbac27 -> 
  custom:video-decoder-webm-vp8: 9c59270c3fd7afecdb556c50c9e8de78 -> 
  custom:audio-decoder-ogg-vorbis: bf7c407c2cedff20999df2af8eb42d56 -> 
========================================================================
Received Prepare
Registering precompiled user dll's ...
Registered in 0.004562 seconds.
Begin MonoManager ReloadAssembly
Symbol file LoadedFromMemory doesn't match image D:\Program File\ShootinGame\Library\PackageCache\com.unity.visualscripting@1.7.8\Editor\VisualScripting.Core\Dependencies\YamlDotNet\Unity.VisualScripting.YamlDotNet.dll
Symbol file LoadedFromMemory doesn't match image D:\Program File\ShootinGame\Library\PackageCache\com.unity.visualscripting@1.7.8\Editor\VisualScripting.Core\Dependencies\DotNetZip\Unity.VisualScripting.IonicZip.dll
Native extension for WindowsStandalone target not found
Native extension for iOS target not found
Native extension for Android target not found
Native extension for OSXStandalone target not found
Refreshing native plugins compatible for Editor in 0.52 ms, found 3 plugins.
Preloading 0 native plugins for Editor in 0.00 ms.
Mono: successfully reloaded assembly
- Completed reload, in  1.045 seconds
Domain Reload Profiling:
	ReloadAssembly (1046ms)
		BeginReloadAssembly (141ms)
			ExecutionOrderSort (0ms)
			DisableScriptedObjects (5ms)
			BackupInstance (0ms)
			ReleaseScriptingObjects (0ms)
			CreateAndSetChildDomain (37ms)
		EndReloadAssembly (790ms)
			LoadAssemblies (97ms)
			RebuildTransferFunctionScriptingTraits (0ms)
			SetupTypeCache (295ms)
			ReleaseScriptCaches (1ms)
			RebuildScriptCaches (40ms)
			SetupLoadedEditorAssemblies (331ms)
				LogAssemblyErrors (0ms)
				InitializePlatformSupportModulesInManaged (38ms)
				SetLoadedEditorAssemblies (0ms)
				RefreshPlugins (1ms)
				BeforeProcessingInitializeOnLoad (72ms)
				ProcessInitializeOnLoadAttributes (181ms)
				ProcessInitializeOnLoadMethodAttributes (25ms)
				AfterProcessingInitializeOnLoad (14ms)
				EditorAssembliesLoaded (0ms)
			ExecutionOrderSort2 (0ms)
			AwakeInstancesAfterBackupRestoration (6ms)
Platform modules already initialized, skipping
Refreshing native plugins compatible for Editor in 1.68 ms, found 3 plugins.
Preloading 0 native plugins for Editor in 0.00 ms.
Unloading 3372 Unused Serialized files (Serialized files now loaded: 0)
Unloading 23 unused Assets / (78.4 KB). Loaded Objects now: 3872.
Memory consumption went from 127.9 MB to 127.9 MB.
Total: 2.502300 ms (FindLiveObjects: 0.223500 ms CreateObjectMapping: 0.142800 ms MarkObjects: 2.071200 ms  DeleteObjects: 0.064100 ms)

AssetImportParameters requested are different than current active one (requested -> active):
  custom:video-decoder-ogg-theora: a1e56fd34408186e4bbccfd4996cb3dc -> 
  custom:container-muxer-webm: aa71ff27fc2769a1b78a27578f13a17b -> 
  custom:container-demuxer-webm: 4f35f7cbe854078d1ac9338744f61a02 -> 
  custom:video-encoder-webm-vp8: eb34c28f22e8b96e1ab97ce403110664 -> 
  custom:audio-encoder-webm-vorbis: bf7c407c2cedff20999df2af8eb42d56 -> 
  custom:framework-win-MediaFoundation: 216162199b28c13a410421893ffa2e32 -> 
  custom:container-demuxer-ogg: 62fdf1f143b41e24485cea50d1cbac27 -> 
  custom:video-decoder-webm-vp8: 9c59270c3fd7afecdb556c50c9e8de78 -> 
  custom:audio-decoder-ogg-vorbis: bf7c407c2cedff20999df2af8eb42d56 -> 
========================================================================
Received Import Request.
  Time since last request: 129.916611 seconds.
  path: Assets/Assets/Meterials/Mat_Apple.mat
  artifactKey: Guid(cad5c727635c85a43bccdc94ed71cffb) Importer(815301076,1909f56bfc062723c751e8b465ee728b)
Start importing Assets/Assets/Meterials/Mat_Apple.mat using Guid(cad5c727635c85a43bccdc94ed71cffb) Importer(815301076,1909f56bfc062723c751e8b465ee728b)  -> (artifact id: 'b71118187d6aa6aa96e46630b021b55f') in 0.147484 seconds 
